This is pdfTeXk, Version 3.141592-1.40.3 (Web2C 7.5.6) (format=pdflatex 2010.2.28)  6 MAY 2010 01:09
entering extended mode
 %&-line parsing enabled.
**homework_22.tex
(./homework_22.tex
LaTeX2e <2005/12/01>
Babel <v3.8h> and hyphenation patterns for english, usenglishmax, dumylang, noh
yphenation, loaded.
(/usr/share/texmf-texlive/tex/latex/base/article.cls
Document Class: article 2005/09/16 v1.4f Standard LaTeX document class
(/usr/share/texmf-texlive/tex/latex/base/size11.clo
File: size11.clo 2005/09/16 v1.4f Standard LaTeX file (size option)
)
\c@part=\count79
\c@section=\count80
\c@subsection=\count81
\c@subsubsection=\count82
\c@paragraph=\count83
\c@subparagraph=\count84
\c@figure=\count85
\c@table=\count86
\abovecaptionskip=\skip41
\belowcaptionskip=\skip42
\bibindent=\dimen102
)
(/usr/share/texmf-texlive/tex/latex/listings/listings.sty
(/usr/share/texmf-texlive/tex/latex/graphics/keyval.sty
Package: keyval 1999/03/16 v1.13 key=value parser (DPC)
\KV@toks@=\toks14
)
\lst@mode=\count87
\lst@gtempboxa=\box26
\lst@token=\toks15
\lst@length=\count88
\lst@currlwidth=\dimen103
\lst@column=\count89
\lst@pos=\count90
\lst@lostspace=\dimen104
\lst@width=\dimen105
\lst@newlines=\count91
\lst@lineno=\count92
\c@lstlisting=\count93
\lst@maxwidth=\dimen106

(/usr/share/texmf-texlive/tex/latex/listings/lstpatch.sty
File: lstpatch.sty 2004/10/17 1.3b (Carsten Heinz)
)
(/usr/share/texmf-texlive/tex/latex/listings/lstmisc.sty
File: lstmisc.sty 2004/09/07 1.3 (Carsten Heinz)
\c@lstnumber=\count94
\lst@skipnumbers=\count95
\lst@framebox=\box27
)
(/usr/share/texmf-texlive/tex/latex/listings/listings.cfg
File: listings.cfg 2004/09/05 1.3 listings configuration
))
Package: listings 2004/10/17 1.3b (Carsten Heinz)

(/usr/share/texmf-texlive/tex/latex/amsmath/amsmath.sty
Package: amsmath 2000/07/18 v2.13 AMS math features
\@mathmargin=\skip43

For additional information on amsmath, use the `?' option.
(/usr/share/texmf-texlive/tex/latex/amsmath/amstext.sty
Package: amstext 2000/06/29 v2.01

(/usr/share/texmf-texlive/tex/latex/amsmath/amsgen.sty
File: amsgen.sty 1999/11/30 v2.0
\@emptytoks=\toks16
\ex@=\dimen107
))
(/usr/share/texmf-texlive/tex/latex/amsmath/amsbsy.sty
Package: amsbsy 1999/11/29 v1.2d
\pmbraise@=\dimen108
)
(/usr/share/texmf-texlive/tex/latex/amsmath/amsopn.sty
Package: amsopn 1999/12/14 v2.01 operator names
)
\inf@bad=\count96
LaTeX Info: Redefining \frac on input line 211.
\uproot@=\count97
\leftroot@=\count98
LaTeX Info: Redefining \overline on input line 307.
\classnum@=\count99
\DOTSCASE@=\count100
LaTeX Info: Redefining \ldots on input line 379.
LaTeX Info: Redefining \dots on input line 382.
LaTeX Info: Redefining \cdots on input line 467.
\Mathstrutbox@=\box28
\strutbox@=\box29
\big@size=\dimen109
LaTeX Font Info:    Redeclaring font encoding OML on input line 567.
LaTeX Font Info:    Redeclaring font encoding OMS on input line 568.
\macc@depth=\count101
\c@MaxMatrixCols=\count102
\dotsspace@=\muskip10
\c@parentequation=\count103
\dspbrk@lvl=\count104
\tag@help=\toks17
\row@=\count105
\column@=\count106
\maxfields@=\count107
\andhelp@=\toks18
\eqnshift@=\dimen110
\alignsep@=\dimen111
\tagshift@=\dimen112
\tagwidth@=\dimen113
\totwidth@=\dimen114
\lineht@=\dimen115
\@envbody=\toks19
\multlinegap=\skip44
\multlinetaggap=\skip45
\mathdisplay@stack=\toks20
LaTeX Info: Redefining \[ on input line 2666.
LaTeX Info: Redefining \] on input line 2667.
)
(/usr/share/texmf-texlive/tex/latex/graphics/graphicx.sty
Package: graphicx 1999/02/16 v1.0f Enhanced LaTeX Graphics (DPC,SPQR)

(/usr/share/texmf-texlive/tex/latex/graphics/graphics.sty
Package: graphics 2006/02/20 v1.0o Standard LaTeX Graphics (DPC,SPQR)

(/usr/share/texmf-texlive/tex/latex/graphics/trig.sty
Package: trig 1999/03/16 v1.09 sin cos tan (DPC)
)
(/etc/texmf/tex/latex/config/graphics.cfg
File: graphics.cfg 2007/01/18 v1.5 graphics configuration of teTeX/TeXLive
)
Package graphics Info: Driver file: pdftex.def on input line 90.

(/usr/share/texmf-texlive/tex/latex/pdftex-def/pdftex.def
File: pdftex.def 2007/01/08 v0.04d Graphics/color for pdfTeX
\Gread@gobject=\count108
))
\Gin@req@height=\dimen116
\Gin@req@width=\dimen117
)
(/usr/share/texmf-texlive/tex/latex/subfig/subfig.sty
Package: subfig 2005/06/28 ver: 1.3 subfig package

(/usr/share/texmf-texlive/tex/latex/caption/caption.sty
Package: caption 2007/01/07 v3.0k Customising captions (AR)

(/usr/share/texmf-texlive/tex/latex/caption/caption3.sty
Package: caption3 2007/01/07 v3.0k caption3 kernel (AR)
\captionmargin=\dimen118
\captionmarginx=\dimen119
\captionwidth=\dimen120
\captionindent=\dimen121
\captionparindent=\dimen122
\captionhangindent=\dimen123
)
Package caption Info: listings package v1.2 (or newer) detected on input line 3
38.
)
\c@KVtest=\count109
\sf@farskip=\skip46
\sf@captopadj=\dimen124
\sf@capskip=\skip47
\sf@nearskip=\skip48
\c@subfigure=\count110
\c@subfigure@save=\count111
\c@lofdepth=\count112
\c@subtable=\count113
\c@subtable@save=\count114
\c@lotdepth=\count115
\sf@top=\skip49
\sf@bottom=\skip50
)
(/usr/share/texmf-texlive/tex/latex/amscls/amsthm.sty
Package: amsthm 2004/08/06 v2.20
\thm@style=\toks21
\thm@bodyfont=\toks22
\thm@headfont=\toks23
\thm@notefont=\toks24
\thm@headpunct=\toks25
\thm@preskip=\skip51
\thm@postskip=\skip52
\thm@headsep=\skip53
\dth@everypar=\toks26
) (./homework_22.aux)
\openout1 = `homework_22.aux'.

LaTeX Font Info:    Checking defaults for OML/cmm/m/it on input line 16.
LaTeX Font Info:    ... okay on input line 16.
LaTeX Font Info:    Checking defaults for T1/cmr/m/n on input line 16.
LaTeX Font Info:    ... okay on input line 16.
LaTeX Font Info:    Checking defaults for OT1/cmr/m/n on input line 16.
LaTeX Font Info:    ... okay on input line 16.
LaTeX Font Info:    Checking defaults for OMS/cmsy/m/n on input line 16.
LaTeX Font Info:    ... okay on input line 16.
LaTeX Font Info:    Checking defaults for OMX/cmex/m/n on input line 16.
LaTeX Font Info:    ... okay on input line 16.
LaTeX Font Info:    Checking defaults for U/cmr/m/n on input line 16.
LaTeX Font Info:    ... okay on input line 16.

(/usr/share/texmf-texlive/tex/latex/ragged2e/ragged2e.sty
Package: ragged2e 2003/03/25 v2.04 ragged2e Package (MS)

(/usr/share/texmf-texlive/tex/latex/everysel/everysel.sty
Package: everysel 1999/06/08 v1.03 EverySelectfont Package (MS)
LaTeX Info: Redefining \selectfont on input line 125.
)
\CenteringLeftskip=\skip54
\RaggedLeftLeftskip=\skip55
\RaggedRightLeftskip=\skip56
\CenteringRightskip=\skip57
\RaggedLeftRightskip=\skip58
\RaggedRightRightskip=\skip59
\CenteringParfillskip=\skip60
\RaggedLeftParfillskip=\skip61
\RaggedRightParfillskip=\skip62
\JustifyingParfillskip=\skip63
\CenteringParindent=\skip64
\RaggedLeftParindent=\skip65
\RaggedRightParindent=\skip66
\JustifyingParindent=\skip67
)
Package caption Info: subref 1.2 or 1.3 detected on input line 16.
LaTeX Info: Redefining \subref on input line 16.

(/usr/share/texmf-texlive/tex/latex/listings/lstlang1.sty
File: lstlang1.sty 2004/09/05 1.3 listings language file
) [1

{/var/lib/texmf/fonts/map/pdftex/updmap/pdftex.map}] [2] [3] [4] [5] [6] [7] (.
/f228.m
LaTeX Font Info:    Try loading font information for OMS+cmr on input line 3.

(/usr/share/texmf-texlive/tex/latex/base/omscmr.fd
File: omscmr.fd 1999/05/25 v2.5h Standard LaTeX font definitions
)
LaTeX Font Info:    Font shape `OMS/cmr/m/n' in size <10.95> not available
(Font)              Font shape `OMS/cmsy/m/n' tried instead on input line 3.
) [8]
<problem_228_eps1_graph.png, id=42, 642.4pt x 481.8pt>
File: problem_228_eps1_graph.png Graphic file (type png)

<use problem_228_eps1_graph.png> <ode23_1.png, id=43, 642.4pt x 481.8pt>
File: ode23_1.png Graphic file (type png)

<use ode23_1.png>
Overfull \hbox (16.67088pt too wide) in paragraph at lines 317--320
[][][] 
 []

<ode45_1.png, id=44, 642.4pt x 481.8pt>
File: ode45_1.png Graphic file (type png)
 <use ode45_1.png>
<ode78_1.png, id=45, 642.4pt x 481.8pt>
File: ode78_1.png Graphic file (type png)
 <use ode78_1.png>
Overfull \hbox (16.67088pt too wide) in paragraph at lines 322--325
[][][] 
 []


LaTeX Warning: `h' float specifier changed to `ht'.

<problem_228_eps01_graph.png, id=46, 642.4pt x 481.8pt>
File: problem_228_eps01_graph.png Graphic file (type png)

<use problem_228_eps01_graph.png> <ode23_01.png, id=47, 642.4pt x 481.8pt>
File: ode23_01.png Graphic file (type png)

<use ode23_01.png>
Overfull \hbox (16.67088pt too wide) in paragraph at lines 332--335
[][][] 
 []

<ode45_01.png, id=48, 642.4pt x 481.8pt>
File: ode45_01.png Graphic file (type png)
 <use ode45_01.png>
<ode78_01.png, id=49, 642.4pt x 481.8pt>
File: ode78_01.png Graphic file (type png)
 <use ode78_01.png>
Overfull \hbox (16.67088pt too wide) in paragraph at lines 337--340
[][][] 
 []


LaTeX Warning: `h' float specifier changed to `ht'.

<problem_228_eps001_graph.png, id=50, 642.4pt x 481.8pt>
File: problem_228_eps001_graph.png Graphic file (type png)

<use problem_228_eps001_graph.png> <ode23_001.png, id=51, 642.4pt x 481.8pt>
File: ode23_001.png Graphic file (type png)

<use ode23_001.png>
Overfull \hbox (16.67088pt too wide) in paragraph at lines 347--350
[][][] 
 []

<ode45_001.png, id=52, 642.4pt x 481.8pt>
File: ode45_001.png Graphic file (type png)
 <use ode45_001.png>
<ode78_001.png, id=53, 642.4pt x 481.8pt>
File: ode78_001.png Graphic file (type png)
 <use ode78_001.png>
Overfull \hbox (16.67088pt too wide) in paragraph at lines 352--355
[][][] 
 []


LaTeX Warning: `h' float specifier changed to `ht'.

[9] [10 <./problem_228_eps1_graph.png (PNG copy)> <./ode23_1.png (PNG copy)> <.
/ode45_1.png (PNG copy)> <./ode78_1.png (PNG copy)>] [11 <./problem_228_eps01_g
raph.png (PNG copy)> <./ode23_01.png (PNG copy)> <./ode45_01.png (PNG copy)> <.
/ode78_01.png (PNG copy)>] [12 <./problem_228_eps001_graph.png (PNG copy)> <./o
de23_001.png (PNG copy)> <./ode45_001.png (PNG copy)> <./ode78_001.png (PNG cop
y)>] (./homework_22.aux) ) 
Here is how much of TeX's memory you used:
 3768 strings out of 95086
 51924 string characters out of 1183255
 136498 words of memory out of 1500000
 6912 multiletter control sequences out of 10000+50000
 9436 words of font info for 34 fonts, out of 1200000 for 2000
 28 hyphenation exceptions out of 8191
 43i,14n,42p,228b,1668s stack positions out of 5000i,500n,6000p,200000b,5000s
</usr/share/texmf-texlive/fonts/type1/bluesky/cm/cmbx
10.pfb></usr/share/texmf-texlive/fonts/type1/bluesky/cm/cmbx12.pfb></usr/share/
texmf-texlive/fonts/type1/bluesky/cm/cmbxti10.pfb></usr/share/texmf-texlive/fon
ts/type1/bluesky/cm/cmex10.pfb></usr/share/texmf-texlive/fonts/type1/bluesky/cm
/cmmi10.pfb></usr/share/texmf-texlive/fonts/type1/bluesky/cm/cmmi6.pfb></usr/sh
are/texmf-texlive/fonts/type1/bluesky/cm/cmmi8.pfb></usr/share/texmf-texlive/fo
nts/type1/bluesky/cm/cmr10.pfb></usr/share/texmf-texlive/fonts/type1/bluesky/cm
/cmr12.pfb></usr/share/texmf-texlive/fonts/type1/bluesky/cm/cmr17.pfb></usr/sha
re/texmf-texlive/fonts/type1/bluesky/cm/cmr6.pfb></usr/share/texmf-texlive/font
s/type1/bluesky/cm/cmr8.pfb></usr/share/texmf-texlive/fonts/type1/bluesky/cm/cm
r9.pfb></usr/share/texmf-texlive/fonts/type1/bluesky/cm/cmsy10.pfb></usr/share/
texmf-texlive/fonts/type1/bluesky/cm/cmsy8.pfb></usr/share/texmf-texlive/fonts/
type1/bluesky/cm/cmti9.pfb></usr/share/texmf-texlive/fonts/type1/bluesky/cm/cmt
t10.pfb>
Output written on homework_22.pdf (12 pages, 187692 bytes).
PDF statistics:
 133 PDF objects out of 1000 (max. 8388607)
 0 named destinations out of 1000 (max. 131072)
 61 words of extra memory for PDF output out of 10000 (max. 10000000)

